# JRE version: OpenJDK Runtime Environment (7.0_121) (build 1.7.0_121-b00)
# Java VM: OpenJDK 64-Bit Server VM (24.121-b00 mixed mode linux-amd64 compressed oops)
Heap
 PSYoungGen      total 181760K, used 72479K [0x00000000f0000000, 0x00000000ffa00000, 0x0000000100000000)
  eden space 108032K, 56% used [0x00000000f0000000,0x00000000f3b4fe00,0x00000000f6980000)
  from space 73728K, 15% used [0x00000000f6980000,0x00000000f74f8000,0x00000000fb180000)
  to   space 71680K, 0% used [0x00000000fb400000,0x00000000fb400000,0x00000000ffa00000)
 ParOldGen       total 524288K, used 310434K [0x00000000d0000000, 0x00000000f0000000, 0x00000000f0000000)
  object space 524288K, 59% used [0x00000000d0000000,0x00000000e2f28850,0x00000000f0000000)
 PSPermGen       total 21504K, used 4390K [0x00000000c5a00000, 0x00000000c6f00000, 0x00000000d0000000)
  object space 21504K, 20% used [0x00000000c5a00000,0x00000000c5e49810,0x00000000c6f00000)
GC Heap History (10 events):
Event: 24.798 GC heap before
{Heap before GC invocations=15 (full 0):
 PSYoungGen      total 182784K, used 115328K [0x00000000f0000000, 0x0000000100000000, 0x0000000100000000)
  eden space 103424K, 100% used [0x00000000f0000000,0x00000000f6500000,0x00000000f6500000)
  from space 79360K, 15% used [0x00000000fb280000,0x00000000fbe20000,0x0000000100000000)
  to   space 79360K, 0% used [0x00000000f6500000,0x00000000f6500000,0x00000000fb280000)
 ParOldGen       total 524288K, used 251882K [0x00000000d0000000, 0x00000000f0000000, 0x00000000f0000000)
  object space 524288K, 48% used [0x00000000d0000000,0x00000000df5fa840,0x00000000f0000000)
 PSPermGen       total 21504K, used 3878K [0x00000000c5a00000, 0x00000000c6f00000, 0x00000000d0000000)
  object space 21504K, 18% used [0x00000000c5a00000,0x00000000c5dc9900,0x00000000c6f00000)
Event: 24.832 GC heap after
Heap after GC invocations=15 (full 0):
 PSYoungGen      total 115712K, used 11840K [0x00000000f0000000, 0x00000000fff00000, 0x0000000100000000)
  eden space 103424K, 0% used [0x00000000f0000000,0x00000000f0000000,0x00000000f6500000)
  from space 12288K, 96% used [0x00000000f6500000,0x00000000f7090000,0x00000000f7100000)
  to   space 78848K, 0% used [0x00000000fb200000,0x00000000fb200000,0x00000000fff00000)
 ParOldGen       total 524288K, used 263722K [0x00000000d0000000, 0x00000000f0000000, 0x00000000f0000000)
  object space 524288K, 50% used [0x00000000d0000000,0x00000000e018a840,0x00000000f0000000)
 PSPermGen       total 21504K, used 3878K [0x00000000c5a00000, 0x00000000c6f00000, 0x00000000d0000000)
  object space 21504K, 18% used [0x00000000c5a00000,0x00000000c5dc9900,0x00000000c6f00000)
}
Event: 24.929 GC heap before
{Heap before GC invocations=16 (full 0):
 PSYoungGen      total 115712K, used 115264K [0x00000000f0000000, 0x00000000fff00000, 0x0000000100000000)
  eden space 103424K, 100% used [0x00000000f0000000,0x00000000f6500000,0x00000000f6500000)
  from space 12288K, 96% used [0x00000000f6500000,0x00000000f7090000,0x00000000f7100000)
  to   space 78848K, 0% used [0x00000000fb200000,0x00000000fb200000,0x00000000fff00000)
 ParOldGen       total 524288K, used 263722K [0x00000000d0000000, 0x00000000f0000000, 0x00000000f0000000)
  object space 524288K, 50% used [0x00000000d0000000,0x00000000e018a840,0x00000000f0000000)
 PSPermGen       total 21504K, used 3878K [0x00000000c5a00000, 0x00000000c6f00000, 0x00000000d0000000)
  object space 21504K, 18% used [0x00000000c5a00000,0x00000000c5dc9900,0x00000000c6f00000)
Event: 25.014 GC heap after
Heap after GC invocations=16 (full 0):
 PSYoungGen      total 183808K, used 11616K [0x00000000f0000000, 0x0000000100000000, 0x0000000100000000)
  eden space 104960K, 0% used [0x00000000f0000000,0x00000000f0000000,0x00000000f6680000)
  from space 78848K, 14% used [0x00000000fb200000,0x00000000fbd58000,0x00000000fff00000)
  to   space 77312K, 0% used [0x00000000f6680000,0x00000000f6680000,0x00000000fb200000)
 ParOldGen       total 524288K, used 275514K [0x00000000d0000000, 0x00000000f0000000, 0x00000000f0000000)
  object space 524288K, 52% used [0x00000000d0000000,0x00000000e0d0e840,0x00000000f0000000)
 PSPermGen       total 21504K, used 3878K [0x00000000c5a00000, 0x00000000c6f00000, 0x00000000d0000000)
  object space 21504K, 18% used [0x00000000c5a00000,0x00000000c5dc9900,0x00000000c6f00000)
}
Event: 25.118 GC heap before
{Heap before GC invocations=17 (full 0):
 PSYoungGen      total 183808K, used 116576K [0x00000000f0000000, 0x0000000100000000, 0x0000000100000000)
  eden space 104960K, 100% used [0x00000000f0000000,0x00000000f6680000,0x00000000f6680000)
  from space 78848K, 14% used [0x00000000fb200000,0x00000000fbd58000,0x00000000fff00000)
  to   space 77312K, 0% used [0x00000000f6680000,0x00000000f6680000,0x00000000fb200000)
 ParOldGen       total 524288K, used 275514K [0x00000000d0000000, 0x00000000f0000000, 0x00000000f0000000)
  object space 524288K, 52% used [0x00000000d0000000,0x00000000e0d0e840,0x00000000f0000000)
 PSPermGen       total 21504K, used 3878K [0x00000000c5a00000, 0x00000000c6f00000, 0x00000000d0000000)
  object space 21504K, 18% used [0x00000000c5a00000,0x00000000c5dc9900,0x00000000c6f00000)
Event: 25.250 GC heap after
Heap after GC invocations=17 (full 0):
 PSYoungGen      total 117248K, used 11872K [0x00000000f0000000, 0x00000000ffb80000, 0x0000000100000000)
  eden space 104960K, 0% used [0x00000000f0000000,0x00000000f0000000,0x00000000f6680000)
  from space 12288K, 96% used [0x00000000f6680000,0x00000000f7218010,0x00000000f7280000)
  to   space 75776K, 0% used [0x00000000fb180000,0x00000000fb180000,0x00000000ffb80000)
 ParOldGen       total 524288K, used 287082K [0x00000000d0000000, 0x00000000f0000000, 0x00000000f0000000)
  object space 524288K, 54% used [0x00000000d0000000,0x00000000e185a840,0x00000000f0000000)
 PSPermGen       total 21504K, used 3878K [0x00000000c5a00000, 0x00000000c6f00000, 0x00000000d0000000)
  object space 21504K, 18% used [0x00000000c5a00000,0x00000000c5dc9900,0x00000000c6f00000)
}
Event: 25.451 GC heap before
{Heap before GC invocations=18 (full 0):
 PSYoungGen      total 117248K, used 116832K [0x00000000f0000000, 0x00000000ffb80000, 0x0000000100000000)
  eden space 104960K, 100% used [0x00000000f0000000,0x00000000f6680000,0x00000000f6680000)
  from space 12288K, 96% used [0x00000000f6680000,0x00000000f7218010,0x00000000f7280000)
  to   space 75776K, 0% used [0x00000000fb180000,0x00000000fb180000,0x00000000ffb80000)
 ParOldGen       total 524288K, used 287082K [0x00000000d0000000, 0x00000000f0000000, 0x00000000f0000000)
  object space 524288K, 54% used [0x00000000d0000000,0x00000000e185a840,0x00000000f0000000)
 PSPermGen       total 21504K, used 3878K [0x00000000c5a00000, 0x00000000c6f00000, 0x00000000d0000000)
  object space 21504K, 18% used [0x00000000c5a00000,0x00000000c5dc9900,0x00000000c6f00000)
Event: 26.847 GC heap after
Heap after GC invocations=18 (full 0):
 PSYoungGen      total 183808K, used 11616K [0x00000000f0000000, 0x0000000100000000, 0x0000000100000000)
  eden space 108032K, 0% used [0x00000000f0000000,0x00000000f0000000,0x00000000f6980000)
  from space 75776K, 15% used [0x00000000fb180000,0x00000000fbcd8000,0x00000000ffb80000)
  to   space 73728K, 0% used [0x00000000f6980000,0x00000000f6980000,0x00000000fb180000)
 ParOldGen       total 524288K, used 298898K [0x00000000d0000000, 0x00000000f0000000, 0x00000000f0000000)
  object space 524288K, 57% used [0x00000000d0000000,0x00000000e23e4850,0x00000000f0000000)
 PSPermGen       total 21504K, used 3878K [0x00000000c5a00000, 0x00000000c6f00000, 0x00000000d0000000)
  object space 21504K, 18% used [0x00000000c5a00000,0x00000000c5dc9900,0x00000000c6f00000)
}
Event: 28.346 GC heap before
{Heap before GC invocations=19 (full 0):
 PSYoungGen      total 183808K, used 119648K [0x00000000f0000000, 0x0000000100000000, 0x0000000100000000)
  eden space 108032K, 100% used [0x00000000f0000000,0x00000000f6980000,0x00000000f6980000)
  from space 75776K, 15% used [0x00000000fb180000,0x00000000fbcd8000,0x00000000ffb80000)
  to   space 73728K, 0% used [0x00000000f6980000,0x00000000f6980000,0x00000000fb180000)
 ParOldGen       total 524288K, used 298898K [0x00000000d0000000, 0x00000000f0000000, 0x00000000f0000000)
  object space 524288K, 57% used [0x00000000d0000000,0x00000000e23e4850,0x00000000f0000000)
 PSPermGen       total 21504K, used 3878K [0x00000000c5a00000, 0x00000000c6f00000, 0x00000000d0000000)
  object space 21504K, 18% used [0x00000000c5a00000,0x00000000c5dc99c8,0x00000000c6f00000)
Event: 28.806 GC heap after
Heap after GC invocations=19 (full 0):
 PSYoungGen      total 181760K, used 11744K [0x00000000f0000000, 0x00000000ffa00000, 0x0000000100000000)
  eden space 108032K, 0% used [0x00000000f0000000,0x00000000f0000000,0x00000000f6980000)
  from space 73728K, 15% used [0x00000000f6980000,0x00000000f74f8000,0x00000000fb180000)
  to   space 71680K, 0% used [0x00000000fb400000,0x00000000fb400000,0x00000000ffa00000)
 ParOldGen       total 524288K, used 310434K [0x00000000d0000000, 0x00000000f0000000, 0x00000000f0000000)
  object space 524288K, 59% used [0x00000000d0000000,0x00000000e2f28850,0x00000000f0000000)
 PSPermGen       total 21504K, used 3878K [0x00000000c5a00000, 0x00000000c6f00000, 0x00000000d0000000)
  object space 21504K, 18% used [0x00000000c5a00000,0x00000000c5dc99c8,0x00000000c6f00000)
}

